2025-08-11 23:17:03,056 - NuScenesPreprocessor - INFO - 原始数据路径: D:\我的大学\ccf\agent\Causal-MAC\data\nuscenes\v1.0-mini
2025-08-11 23:17:03,057 - NuScenesPreprocessor - INFO - 处理后数据路径: D:\我的大学\ccf\agent\Causal-MAC\data\processed\nuscenes
2025-08-11 23:17:03,057 - NuScenesPreprocessor - INFO - 初始化NuScenes数据集...
2025-08-11 23:17:03,483 - NuScenesPreprocessor - INFO - 数据集加载成功，包含 10 个场景
2025-08-11 23:17:03,484 - NuScenesPreprocessor - INFO - 开始处理场景和样本数据...
2025-08-11 23:17:03,485 - NuScenesPreprocessor - ERROR - 处理样本 ca9a282c9e77460f8360f564131a8af5 时出错: 'instances'
2025-08-11 23:17:03,485 - NuScenesPreprocessor - ERROR - 处理样本 3e8750f331d7499e9b5123e9eb70f2e2 时出错: 'instances'
2025-08-11 23:17:03,486 - NuScenesPreprocessor - ERROR - 处理样本 8687ba92abd3406aa797115b874ebeba 时出错: 'instances'
2025-08-11 23:17:03,486 - NuScenesPreprocessor - ERROR - 处理样本 5991fad3280c4f84b331536c32001a04 时出错: 'instances'
2025-08-11 23:17:03,486 - NuScenesPreprocessor - ERROR - 处理样本 cd9964f8c3d34383b16e9c2997de1ed0 时出错: 'instances'
2025-08-11 23:17:03,486 - NuScenesPreprocessor - ERROR - 处理样本 c1676a2feac74eee8aa38ca3901787d6 时出错: 'instances'
2025-08-11 23:17:03,486 - NuScenesPreprocessor - ERROR - 处理样本 b5989651183643369174912bc5641d3b 时出错: 'instances'
2025-08-11 23:17:03,486 - NuScenesPreprocessor - ERROR - 处理样本 5998b71b64c146769bde1d5430741381 时出错: 'instances'
2025-08-11 23:17:03,486 - NuScenesPreprocessor - ERROR - 处理样本 e6b0b282aa174a978272dc2d0a89d560 时出错: 'instances'
2025-08-11 23:17:03,486 - NuScenesPreprocessor - ERROR - 处理样本 a480496a5988410fbe3d8ed6c84da996 时出错: 'instances'
2025-08-11 23:17:03,487 - NuScenesPreprocessor - INFO - 保存处理后的数据到 D:\我的大学\ccf\agent\Causal-MAC\data\processed\nuscenes...
2025-08-11 23:17:03,488 - NuScenesPreprocessor - INFO - 预处理完成! 共处理 10 个场景, 10 个样本
2025-08-11 23:23:31,316 - NuScenesPreprocessor - INFO - 原始数据路径: D:\我的大学\ccf\agent\Causal-MAC\data\nuscenes\v1.0-mini
2025-08-11 23:23:31,317 - NuScenesPreprocessor - INFO - 处理后数据路径: D:\我的大学\ccf\agent\Causal-MAC\data\processed\nuscenes
2025-08-11 23:23:31,317 - NuScenesPreprocessor - INFO - 初始化NuScenes数据集...
2025-08-11 23:23:31,769 - NuScenesPreprocessor - INFO - 数据集加载成功，包含 10 个场景
2025-08-11 23:23:31,769 - NuScenesPreprocessor - INFO - 开始处理场景和样本数据...
2025-08-11 23:23:31,771 - NuScenesPreprocessor - ERROR - 处理样本 ca9a282c9e77460f8360f564131a8af5 时出错: 'instances'
2025-08-11 23:23:31,771 - NuScenesPreprocessor - ERROR - 处理样本 3e8750f331d7499e9b5123e9eb70f2e2 时出错: 'instances'
2025-08-11 23:23:31,771 - NuScenesPreprocessor - ERROR - 处理样本 8687ba92abd3406aa797115b874ebeba 时出错: 'instances'
2025-08-11 23:23:31,771 - NuScenesPreprocessor - ERROR - 处理样本 5991fad3280c4f84b331536c32001a04 时出错: 'instances'
2025-08-11 23:23:31,771 - NuScenesPreprocessor - ERROR - 处理样本 cd9964f8c3d34383b16e9c2997de1ed0 时出错: 'instances'
2025-08-11 23:23:31,771 - NuScenesPreprocessor - ERROR - 处理样本 c1676a2feac74eee8aa38ca3901787d6 时出错: 'instances'
2025-08-11 23:23:31,771 - NuScenesPreprocessor - ERROR - 处理样本 b5989651183643369174912bc5641d3b 时出错: 'instances'
2025-08-11 23:23:31,771 - NuScenesPreprocessor - ERROR - 处理样本 5998b71b64c146769bde1d5430741381 时出错: 'instances'
2025-08-11 23:23:31,771 - NuScenesPreprocessor - ERROR - 处理样本 e6b0b282aa174a978272dc2d0a89d560 时出错: 'instances'
2025-08-11 23:23:31,771 - NuScenesPreprocessor - ERROR - 处理样本 a480496a5988410fbe3d8ed6c84da996 时出错: 'instances'
2025-08-11 23:23:31,772 - NuScenesPreprocessor - INFO - 保存处理后的数据到 D:\我的大学\ccf\agent\Causal-MAC\data\processed\nuscenes...
2025-08-11 23:23:31,785 - NuScenesPreprocessor - INFO - 预处理完成! 共处理 10 个场景, 10 个样本
2025-08-11 23:39:09,007 - NuScenesPreprocessor - INFO - 原始数据路径: D:\我的大学\ccf\agent\Causal-MAC\data\nuscenes\v1.0-mini
2025-08-11 23:39:09,008 - NuScenesPreprocessor - INFO - 处理后数据路径: D:\我的大学\ccf\agent\Causal-MAC\data\processed\nuscenes
2025-08-11 23:39:09,008 - NuScenesPreprocessor - INFO - 初始化NuScenes数据集...
2025-08-11 23:39:09,494 - NuScenesPreprocessor - INFO - 数据集加载成功，包含 10 个场景
2025-08-11 23:39:09,494 - NuScenesPreprocessor - INFO - 开始处理场景和样本数据...
2025-08-11 23:39:09,497 - NuScenesPreprocessor - ERROR - 处理样本 ca9a282c9e77460f8360f564131a8af5 时出错: 'instances'
2025-08-11 23:39:09,497 - NuScenesPreprocessor - ERROR - 处理样本 3e8750f331d7499e9b5123e9eb70f2e2 时出错: 'instances'
2025-08-11 23:39:09,497 - NuScenesPreprocessor - ERROR - 处理样本 8687ba92abd3406aa797115b874ebeba 时出错: 'instances'
2025-08-11 23:39:09,497 - NuScenesPreprocessor - ERROR - 处理样本 5991fad3280c4f84b331536c32001a04 时出错: 'instances'
2025-08-11 23:39:09,497 - NuScenesPreprocessor - ERROR - 处理样本 cd9964f8c3d34383b16e9c2997de1ed0 时出错: 'instances'
2025-08-11 23:39:09,497 - NuScenesPreprocessor - ERROR - 处理样本 c1676a2feac74eee8aa38ca3901787d6 时出错: 'instances'
2025-08-11 23:39:09,497 - NuScenesPreprocessor - ERROR - 处理样本 b5989651183643369174912bc5641d3b 时出错: 'instances'
2025-08-11 23:39:09,497 - NuScenesPreprocessor - ERROR - 处理样本 5998b71b64c146769bde1d5430741381 时出错: 'instances'
2025-08-11 23:39:09,497 - NuScenesPreprocessor - ERROR - 处理样本 e6b0b282aa174a978272dc2d0a89d560 时出错: 'instances'
2025-08-11 23:39:09,497 - NuScenesPreprocessor - ERROR - 处理样本 a480496a5988410fbe3d8ed6c84da996 时出错: 'instances'
2025-08-11 23:39:09,498 - NuScenesPreprocessor - INFO - 保存处理后的数据到 D:\我的大学\ccf\agent\Causal-MAC\data\processed\nuscenes...
2025-08-11 23:39:09,500 - NuScenesPreprocessor - INFO - 预处理完成! 共处理 10 个场景, 10 个样本
2025-08-11 23:42:02,847 - NuScenesPreprocessor - INFO - 原始数据路径: D:\我的大学\ccf\agent\Causal-MAC\data\nuscenes\v1.0-mini
2025-08-11 23:42:02,847 - NuScenesPreprocessor - INFO - 处理后数据路径: D:\我的大学\ccf\agent\Causal-MAC\data\processed\nuscenes
2025-08-11 23:42:02,848 - NuScenesPreprocessor - INFO - 初始化NuScenes数据集...
2025-08-11 23:42:03,285 - NuScenesPreprocessor - INFO - 数据集加载成功，包含 10 个场景
2025-08-11 23:42:03,285 - NuScenesPreprocessor - INFO - 开始处理场景和样本数据...
2025-08-11 23:42:07,091 - NuScenesPreprocessor - INFO - 保存处理后的数据到 D:\我的大学\ccf\agent\Causal-MAC\data\processed\nuscenes...
2025-08-11 23:42:13,155 - NuScenesPreprocessor - INFO - 预处理完成! 共处理 10 个场景, 404 个样本
